[debug] > Exec(early(addDefaultCommands), None, None)
[debug] > Exec(addDefaultCommands, None, None)
[debug] > Exec(early(initialize), None, None)
[debug] > Exec(initialize, None, None)
[debug] > Exec(early(addPluginSbtFile="""C:\Users\river\AppData\Local\Temp\idea1.sbt"""), None, None)
[debug] > Exec(addPluginSbtFile="""C:\Users\river\AppData\Local\Temp\idea1.sbt""", None, None)
[debug] > Exec(boot, None, None)
[debug] > Exec(writeSbtVersion, None, None)
[debug] > Exec(reload, None, None)
[debug] > Exec(sbtStashOnFailure, None, None)
[debug] > Exec(onFailure loadFailed, None, None)
[debug] > Exec(loadp, None, None)
[info] welcome to sbt 1.4.1 (Eclipse OpenJ9 Java 1.8.0_265)
[debug]       Load.loadUnit: plugins took 65.6237ms
[debug]       Load.loadUnit: defsScala took 0.2168ms
[debug] [Loading] Scanning directory C:\Users\river\.sbt\1.0\plugins
[debug] [Loading] Found non-root projects 
[debug] [Loading] Done in C:\Users\river\.sbt\1.0\plugins, returning: ()
[debug] deducing auto plugins based on known facts Set(Atom(sbt.plugins.CorePlugin)) and clauses Clauses(List(Clause(Atom(sbt.plugins.JvmPlugin),Set(Atom(sbt.plugins.IvyPlugin))), Clause(Atom(sbt.ScriptedPlugin),Set(Atom(sbt.plugins.JvmPlugin))), Clause(Atom(sbt.plugins.SbtPlugin),Set(Atom(sbt.ScriptedPlugin))), Clause(Atom(sbt.plugins.SemanticdbPlugin),Set(Atom(sbt.plugins.JvmPlugin))), Clause(Atom(sbt.plugins.JUnitXmlReportPlugin),Set(Atom(sbt.plugins.JvmPlugin))), Clause(Atom(sbt.plugins.MiniDependencyTreePlugin),Set(Atom(sbt.plugins.JvmPlugin))), Clause(Atom(sbt.plugins.CorePlugin),Set(Atom(sbt.plugins.IvyPlugin))), Clause(Atom(sbt.plugins.IvyPlugin),Set(Atom(sbt.plugins.JvmPlugin))), Clause(Atom(sbt.plugins.JvmPlugin),Set(Atom(sbt.plugins.SemanticdbPlugin))), Clause(Atom(sbt.plugins.JvmPlugin),Set(Atom(sbt.plugins.JUnitXmlReportPlugin))), Clause(Atom(sbt.plugins.CorePlugin),Set(Atom(sbt.plugins.Giter8TemplatePlugin))), Clause(Atom(sbt.plugins.JvmPlugin),Set(Atom(sbt.plugins.MiniDependencyTreePlugin)))))
[debug]   :: deduced result: Matched(sbt.plugins.CorePlugin,sbt.plugins.Giter8TemplatePlugin,sbt.plugins.IvyPlugin,sbt.plugins.JvmPlugin,sbt.plugins.MiniDependencyTreePlugin,sbt.plugins.JUnitXmlReportPlugin,sbt.plugins.SemanticdbPlugin)
[debug] Plugins.deducer#function took 17.6535 ms
[debug]           Load.resolveProject(global-plugins) took 29.9483ms
[debug]         Load.loadTransitive: finalizeProject(Project(id global-plugins, base: C:\Users\river\.sbt\1.0\plugins, plugins: List(<none>))) took 59.8044ms
[debug] [Loading] Done in C:\Users\river\.sbt\1.0\plugins, returning: (global-plugins)
[debug]       Load.loadUnit: loadedProjectsRaw took 74.3086ms
[debug]       Load.loadUnit: cleanEvalClasses took 0.2232ms
[debug]     Load.loadUnit(file:/C:/Users/river/.sbt/1.0/plugins/, ...) took 145.248ms
[debug]   Load.apply: load took 292.863ms
[debug]   Load.apply: resolveProjects took 4.684ms
[debug]   Load.apply: finalTransforms took 88.9166ms
[debug]   Load.apply: config.delegates took 5.8884ms
[debug]   Load.apply: Def.make(settings)... took 793.2181ms
[debug]   Load.apply: structureIndex took 121.3874ms
[debug]   Load.apply: mkStreams took 1.1449ms
[info] loading global plugins from C:\Users\river\.sbt\1.0\plugins
[debug] Running task... Cancel: Signal, check cycles: false, forcegc: true
[debug] Load.defaultLoad until apply took 3067.7783ms
[debug]           Load.loadUnit: plugins took 25.4362ms
[debug]           Load.loadUnit: defsScala took 0.0038ms
[debug] [Loading] Scanning directory C:\Users\river\IdeaProjects\Tidd_Project1_Q2\project
[debug]             Load.loadUnit: mkEval took 2.71ms
[debug] [Loading] Found non-root projects 
[debug] [Loading] Done in C:\Users\river\IdeaProjects\Tidd_Project1_Q2\project, returning: ()
[debug] deducing auto plugins based on known facts Set(Atom(sbt.plugins.CorePlugin)) and clauses Clauses(List(Clause(Atom(sbt.plugins.JvmPlugin),Set(Atom(sbt.plugins.IvyPlugin))), Clause(Atom(sbt.ScriptedPlugin),Set(Atom(sbt.plugins.JvmPlugin))), Clause(Atom(sbt.plugins.SbtPlugin),Set(Atom(sbt.ScriptedPlugin))), Clause(Atom(sbt.plugins.SemanticdbPlugin),Set(Atom(sbt.plugins.JvmPlugin))), Clause(Atom(sbt.plugins.JUnitXmlReportPlugin),Set(Atom(sbt.plugins.JvmPlugin))), Clause(Atom(sbt.plugins.MiniDependencyTreePlugin),Set(Atom(sbt.plugins.JvmPlugin))), Clause(Atom(sbt.plugins.CorePlugin),Set(Atom(sbt.plugins.IvyPlugin))), Clause(Atom(sbt.plugins.IvyPlugin),Set(Atom(sbt.plugins.JvmPlugin))), Clause(Atom(sbt.plugins.JvmPlugin),Set(Atom(sbt.plugins.SemanticdbPlugin))), Clause(Atom(sbt.plugins.JvmPlugin),Set(Atom(sbt.plugins.JUnitXmlReportPlugin))), Clause(Atom(sbt.plugins.CorePlugin),Set(Atom(sbt.plugins.Giter8TemplatePlugin))), Clause(Atom(sbt.plugins.JvmPlugin),Set(Atom(sbt.plugins.MiniDependencyTreePlugin)))))
[debug]   :: deduced result: Matched(sbt.plugins.CorePlugin,sbt.plugins.Giter8TemplatePlugin,sbt.plugins.IvyPlugin,sbt.plugins.JvmPlugin,sbt.plugins.MiniDependencyTreePlugin,sbt.plugins.JUnitXmlReportPlugin,sbt.plugins.SemanticdbPlugin)
[debug] Plugins.deducer#function took 2.5163 ms
[info] loading settings for project tidd_project1_q2-build from plugins.sbt,idea1.sbt ...
[debug]               Load.resolveProject(tidd_project1_q2-build) took 2.1483ms
[debug]             Load.loadTransitive: finalizeProject(Project(id tidd_project1_q2-build, base: C:\Users\river\IdeaProjects\Tidd_Project1_Q2\project, plugins: List(<none>))) took 5.1577ms
[debug] [Loading] Done in C:\Users\river\IdeaProjects\Tidd_Project1_Q2\project, returning: (tidd_project1_q2-build)
[debug]           Load.loadUnit: loadedProjectsRaw took 2100.9995ms
[debug]           Load.loadUnit: cleanEvalClasses took 3.5495ms
[debug]         Load.loadUnit(file:/C:/Users/river/IdeaProjects/Tidd_Project1_Q2/project/, ...) took 2130.83ms
[debug]       Load.apply: load took 2132.0398ms
[debug]       Load.apply: resolveProjects took 0.0657ms
[debug]       Load.apply: finalTransforms took 11.9627ms
[debug]       Load.apply: config.delegates took 0.2688ms
[debug]       Load.apply: Def.make(settings)... took 70.2792ms
[debug]       Load.apply: structureIndex took 31.929ms
[debug]       Load.apply: mkStreams took 0.0028ms
[info] loading project definition from C:\Users\river\IdeaProjects\Tidd_Project1_Q2\project
[debug] Running task... Cancel: Signal, check cycles: false, forcegc: true
[debug]     Load.loadUnit: plugins took 4631.4071ms
[debug]     Load.loadUnit: defsScala took 0.0026ms
[debug] [Loading] Scanning directory C:\Users\river\IdeaProjects\Tidd_Project1_Q2
[debug]       Load.loadUnit: mkEval took 0.3067ms
[debug] [Loading] Found non-root projects 
[debug] [Loading] Done in C:\Users\river\IdeaProjects\Tidd_Project1_Q2, returning: ()
[debug] deducing auto plugins based on known facts Set(Atom(sbt.plugins.CorePlugin)) and clauses Clauses(List(Clause(Atom(sbt.plugins.JvmPlugin),Set(Atom(sbt.plugins.IvyPlugin))), Clause(Atom(sbt.ScriptedPlugin),Set(Atom(sbt.plugins.JvmPlugin))), Clause(Atom(sbt.plugins.SbtPlugin),Set(Atom(sbt.ScriptedPlugin))), Clause(Atom(sbt.plugins.SemanticdbPlugin),Set(Atom(sbt.plugins.JvmPlugin))), Clause(Atom(sbt.plugins.JUnitXmlReportPlugin),Set(Atom(sbt.plugins.JvmPlugin))), Clause(Atom(sbt.plugins.MiniDependencyTreePlugin),Set(Atom(sbt.plugins.JvmPlugin))), Clause(Atom(sbtassembly.AssemblyPlugin),Set(Atom(sbt.plugins.JvmPlugin))), Clause(Atom(org.jetbrains.sbt.StructurePlugin),Set(Atom(sbt.plugins.JvmPlugin))), Clause(Atom(org.jetbrains.sbt.IdeaShellPlugin),Set(Atom(sbt.plugins.JvmPlugin))), Clause(Atom(org.jetbrains.sbt.indices.SbtIntellijIndicesPlugin),Set(Atom(sbt.plugins.JvmPlugin))), Clause(Atom(sbt.plugins.CorePlugin),Set(Atom(sbt.plugins.IvyPlugin))), Clause(Atom(sbt.plugins.IvyPlugin),Set(Atom(sbt.plugins.JvmPlugin))), Clause(Atom(sbt.plugins.JvmPlugin),Set(Atom(sbt.plugins.SemanticdbPlugin))), Clause(Atom(sbt.plugins.JvmPlugin),Set(Atom(sbt.plugins.JUnitXmlReportPlugin))), Clause(Atom(sbt.plugins.CorePlugin),Set(Atom(sbt.plugins.Giter8TemplatePlugin))), Clause(Atom(sbt.plugins.JvmPlugin),Set(Atom(sbt.plugins.MiniDependencyTreePlugin))), Clause(Atom(sbt.plugins.JvmPlugin),Set(Atom(sbtassembly.AssemblyPlugin))), Clause(Atom(sbt.plugins.JvmPlugin),Set(Atom(org.jetbrains.sbt.StructurePlugin))), Clause(Atom(sbt.plugins.JvmPlugin),Set(Atom(org.jetbrains.sbt.IdeaShellPlugin))), Clause(And(Set(Atom(sbt.plugins.CorePlugin), Atom(sbt.plugins.JvmPlugin))),Set(Atom(org.jetbrains.sbt.indices.SbtIntellijIndicesPlugin)))))
[debug]   :: deduced result: Matched(sbt.plugins.CorePlugin,sbt.plugins.Giter8TemplatePlugin,sbt.plugins.IvyPlugin,sbt.plugins.JvmPlugin,sbt.plugins.SemanticdbPlugin,org.jetbrains.sbt.indices.SbtIntellijIndicesPlugin,sbt.plugins.JUnitXmlReportPlugin,sbtassembly.AssemblyPlugin,org.jetbrains.sbt.IdeaShellPlugin,org.jetbrains.sbt.StructurePlugin,sbt.plugins.MiniDependencyTreePlugin)
[debug] Plugins.deducer#function took 3.9096 ms
[info] loading settings for project tidd_project1_q2 from build.sbt ...
[debug]         Load.resolveProject(tidd_project1_q2) took 46.1935ms
[debug]       Load.loadTransitive: finalizeProject(Project(id tidd_project1_q2, base: C:\Users\river\IdeaProjects\Tidd_Project1_Q2, plugins: List(<none>))) took 50.9326ms
[debug] [Loading] Done in C:\Users\river\IdeaProjects\Tidd_Project1_Q2, returning: (tidd_project1_q2)
[debug]     Load.loadUnit: loadedProjectsRaw took 1456.2693ms
[debug]     Load.loadUnit: cleanEvalClasses took 9.5469ms
[debug]   Load.loadUnit(file:/C:/Users/river/IdeaProjects/Tidd_Project1_Q2/, ...) took 6097.6728ms
[debug] Load.apply: load took 6099.1548ms
[debug] Load.apply: resolveProjects took 0.0606ms
[debug] Load.apply: finalTransforms took 19.7576ms
[debug] Load.apply: config.delegates took 0.3355ms
[debug] Load.apply: Def.make(settings)... took 73.195ms
[debug] Load.apply: structureIndex took 19.9922ms
[debug] Load.apply: mkStreams took 0.0024ms
[info] set current project to Tidd_Project1_Q2 (in build file:/C:/Users/river/IdeaProjects/Tidd_Project1_Q2/)
[debug] > Exec(sbtPopOnFailure, None, None)
[debug] > Exec(resumeFromFailure, None, None)
[debug] > Exec(notifyUsersAboutShell, None, None)
[debug] > Exec(iflast shell, None, None)
[debug] > Exec(; set ideaPort in Global := 52961 ; idea-shell, None, None)
[debug] > Exec(set ideaPort in Global := 52961, None, None)
[info] Defining Global / ideaPort
[info] The new value will be used by Compile / compile, Test / compile
[debug] Defining 
[debug] 	Global / ideaPort
[debug] 
[debug] The new value will be used by 
[debug] 	Compile / compile
[debug] 	Test / compile
[info] Reapplying settings...
[info] set current project to Tidd_Project1_Q2 (in build file:/C:/Users/river/IdeaProjects/Tidd_Project1_Q2/)
[debug] > Exec(idea-shell, None, None)
