[debug] > Exec(early(addDefaultCommands), None, None)
[debug] > Exec(addDefaultCommands, None, None)
[debug] > Exec(early(initialize), None, None)
[debug] > Exec(initialize, None, None)
[debug] > Exec(boot, None, None)
[debug] > Exec(writeSbtVersion, None, None)
[debug] > Exec(reload, None, None)
[debug] > Exec(sbtStashOnFailure, None, None)
[debug] > Exec(onFailure loadFailed, None, None)
[debug] > Exec(loadp, None, None)
[info] welcome to sbt 1.4.2 (Eclipse OpenJ9 Java 1.8.0_265)
[debug]       Load.loadUnit: plugins took 52.893ms
[debug]       Load.loadUnit: defsScala took 0.2298ms
[debug] [Loading] Scanning directory C:\Users\river\.sbt\1.0\plugins
[debug] [Loading] Found non-root projects 
[debug] [Loading] Done in C:\Users\river\.sbt\1.0\plugins, returning: ()
[debug] deducing auto plugins based on known facts Set(Atom(sbt.plugins.CorePlugin)) and clauses Clauses(List(Clause(Atom(sbt.plugins.JvmPlugin),Set(Atom(sbt.plugins.IvyPlugin))), Clause(Atom(sbt.ScriptedPlugin),Set(Atom(sbt.plugins.JvmPlugin))), Clause(Atom(sbt.plugins.SbtPlugin),Set(Atom(sbt.ScriptedPlugin))), Clause(Atom(sbt.plugins.SemanticdbPlugin),Set(Atom(sbt.plugins.JvmPlugin))), Clause(Atom(sbt.plugins.JUnitXmlReportPlugin),Set(Atom(sbt.plugins.JvmPlugin))), Clause(Atom(sbt.plugins.MiniDependencyTreePlugin),Set(Atom(sbt.plugins.JvmPlugin))), Clause(Atom(sbt.plugins.CorePlugin),Set(Atom(sbt.plugins.IvyPlugin))), Clause(Atom(sbt.plugins.IvyPlugin),Set(Atom(sbt.plugins.JvmPlugin))), Clause(Atom(sbt.plugins.JvmPlugin),Set(Atom(sbt.plugins.SemanticdbPlugin))), Clause(Atom(sbt.plugins.JvmPlugin),Set(Atom(sbt.plugins.JUnitXmlReportPlugin))), Clause(Atom(sbt.plugins.CorePlugin),Set(Atom(sbt.plugins.Giter8TemplatePlugin))), Clause(Atom(sbt.plugins.JvmPlugin),Set(Atom(sbt.plugins.MiniDependencyTreePlugin)))))
[debug]   :: deduced result: Matched(sbt.plugins.CorePlugin,sbt.plugins.Giter8TemplatePlugin,sbt.plugins.IvyPlugin,sbt.plugins.JvmPlugin,sbt.plugins.MiniDependencyTreePlugin,sbt.plugins.JUnitXmlReportPlugin,sbt.plugins.SemanticdbPlugin)
[debug] Plugins.deducer#function took 28.1169 ms
[debug]           Load.resolveProject(global-plugins) took 52.6913ms
[debug]         Load.loadTransitive: finalizeProject(Project(id global-plugins, base: C:\Users\river\.sbt\1.0\plugins, plugins: List(<none>))) took 96.6665ms
[debug] [Loading] Done in C:\Users\river\.sbt\1.0\plugins, returning: (global-plugins)
[debug]       Load.loadUnit: loadedProjectsRaw took 115.5021ms
[debug]       Load.loadUnit: cleanEvalClasses took 0.349ms
[debug]     Load.loadUnit(file:/C:/Users/river/.sbt/1.0/plugins/, ...) took 180.8537ms
[debug]   Load.apply: load took 360.6025ms
[debug]   Load.apply: resolveProjects took 4.3767ms
[debug]   Load.apply: finalTransforms took 72.7729ms
[debug]   Load.apply: config.delegates took 5.1533ms
[debug]   Load.apply: Def.make(settings)... took 744.7573ms
[debug]   Load.apply: structureIndex took 129.2435ms
[debug]   Load.apply: mkStreams took 1.116ms
[info] loading global plugins from C:\Users\river\.sbt\1.0\plugins
[debug] Running task... Cancel: Signal, check cycles: false, forcegc: true
[debug] Load.defaultLoad until apply took 2533.6345ms
[debug]           Load.loadUnit: plugins took 19.4479ms
[debug]           Load.loadUnit: defsScala took 0.0033ms
[debug] [Loading] Scanning directory C:\Users\river\IdeaProjects\Tidd_Project1_Q3\project
[debug] [Loading] Found non-root projects 
[debug] [Loading] Done in C:\Users\river\IdeaProjects\Tidd_Project1_Q3\project, returning: ()
[debug] deducing auto plugins based on known facts Set(Atom(sbt.plugins.CorePlugin)) and clauses Clauses(List(Clause(Atom(sbt.plugins.JvmPlugin),Set(Atom(sbt.plugins.IvyPlugin))), Clause(Atom(sbt.ScriptedPlugin),Set(Atom(sbt.plugins.JvmPlugin))), Clause(Atom(sbt.plugins.SbtPlugin),Set(Atom(sbt.ScriptedPlugin))), Clause(Atom(sbt.plugins.SemanticdbPlugin),Set(Atom(sbt.plugins.JvmPlugin))), Clause(Atom(sbt.plugins.JUnitXmlReportPlugin),Set(Atom(sbt.plugins.JvmPlugin))), Clause(Atom(sbt.plugins.MiniDependencyTreePlugin),Set(Atom(sbt.plugins.JvmPlugin))), Clause(Atom(sbt.plugins.CorePlugin),Set(Atom(sbt.plugins.IvyPlugin))), Clause(Atom(sbt.plugins.IvyPlugin),Set(Atom(sbt.plugins.JvmPlugin))), Clause(Atom(sbt.plugins.JvmPlugin),Set(Atom(sbt.plugins.SemanticdbPlugin))), Clause(Atom(sbt.plugins.JvmPlugin),Set(Atom(sbt.plugins.JUnitXmlReportPlugin))), Clause(Atom(sbt.plugins.CorePlugin),Set(Atom(sbt.plugins.Giter8TemplatePlugin))), Clause(Atom(sbt.plugins.JvmPlugin),Set(Atom(sbt.plugins.MiniDependencyTreePlugin)))))
[debug]   :: deduced result: Matched(sbt.plugins.CorePlugin,sbt.plugins.Giter8TemplatePlugin,sbt.plugins.IvyPlugin,sbt.plugins.JvmPlugin,sbt.plugins.MiniDependencyTreePlugin,sbt.plugins.JUnitXmlReportPlugin,sbt.plugins.SemanticdbPlugin)
[debug] Plugins.deducer#function took 2.5705 ms
[debug]               Load.resolveProject(tidd_project1_q3-build) took 1.4653ms
[debug]             Load.loadTransitive: finalizeProject(Project(id tidd_project1_q3-build, base: C:\Users\river\IdeaProjects\Tidd_Project1_Q3\project, plugins: List(<none>))) took 4.4838ms
[debug] [Loading] Done in C:\Users\river\IdeaProjects\Tidd_Project1_Q3\project, returning: (tidd_project1_q3-build)
[debug]           Load.loadUnit: loadedProjectsRaw took 6.4363ms
[debug]           Load.loadUnit: cleanEvalClasses took 0.0112ms
[debug]         Load.loadUnit(file:/C:/Users/river/IdeaProjects/Tidd_Project1_Q3/project/, ...) took 26.645ms
[debug]       Load.apply: load took 28.7268ms
[debug]       Load.apply: resolveProjects took 0.1132ms
[debug]       Load.apply: finalTransforms took 20.2967ms
[debug]       Load.apply: config.delegates took 0.4715ms
[debug]       Load.apply: Def.make(settings)... took 86.2797ms
[debug]       Load.apply: structureIndex took 64.8229ms
[debug]       Load.apply: mkStreams took 0.0028ms
[info] loading project definition from C:\Users\river\IdeaProjects\Tidd_Project1_Q3\project
[debug] Running task... Cancel: Signal, check cycles: false, forcegc: true
[debug]     Load.loadUnit: plugins took 455.9102ms
[debug]     Load.loadUnit: defsScala took 0.0036ms
[debug] [Loading] Scanning directory C:\Users\river\IdeaProjects\Tidd_Project1_Q3
[debug]       Load.loadUnit: mkEval took 3.1737ms
[debug] [Loading] Found non-root projects 
[debug] [Loading] Done in C:\Users\river\IdeaProjects\Tidd_Project1_Q3, returning: ()
[debug] deducing auto plugins based on known facts Set(Atom(sbt.plugins.CorePlugin)) and clauses Clauses(List(Clause(Atom(sbt.plugins.JvmPlugin),Set(Atom(sbt.plugins.IvyPlugin))), Clause(Atom(sbt.ScriptedPlugin),Set(Atom(sbt.plugins.JvmPlugin))), Clause(Atom(sbt.plugins.SbtPlugin),Set(Atom(sbt.ScriptedPlugin))), Clause(Atom(sbt.plugins.SemanticdbPlugin),Set(Atom(sbt.plugins.JvmPlugin))), Clause(Atom(sbt.plugins.JUnitXmlReportPlugin),Set(Atom(sbt.plugins.JvmPlugin))), Clause(Atom(sbt.plugins.MiniDependencyTreePlugin),Set(Atom(sbt.plugins.JvmPlugin))), Clause(Atom(sbt.plugins.CorePlugin),Set(Atom(sbt.plugins.IvyPlugin))), Clause(Atom(sbt.plugins.IvyPlugin),Set(Atom(sbt.plugins.JvmPlugin))), Clause(Atom(sbt.plugins.JvmPlugin),Set(Atom(sbt.plugins.SemanticdbPlugin))), Clause(Atom(sbt.plugins.JvmPlugin),Set(Atom(sbt.plugins.JUnitXmlReportPlugin))), Clause(Atom(sbt.plugins.CorePlugin),Set(Atom(sbt.plugins.Giter8TemplatePlugin))), Clause(Atom(sbt.plugins.JvmPlugin),Set(Atom(sbt.plugins.MiniDependencyTreePlugin)))))
[debug]   :: deduced result: Matched(sbt.plugins.CorePlugin,sbt.plugins.Giter8TemplatePlugin,sbt.plugins.IvyPlugin,sbt.plugins.JvmPlugin,sbt.plugins.MiniDependencyTreePlugin,sbt.plugins.JUnitXmlReportPlugin,sbt.plugins.SemanticdbPlugin)
[debug] Plugins.deducer#function took 2.7689 ms
[info] loading settings for project tidd_project1_q3 from build.sbt ...
[debug]         Load.resolveProject(tidd_project1_q3) took 2.426ms
[debug]       Load.loadTransitive: finalizeProject(Project(id tidd_project1_q3, base: C:\Users\river\IdeaProjects\Tidd_Project1_Q3, plugins: List(<none>))) took 5.6845ms
[debug] [Loading] Done in C:\Users\river\IdeaProjects\Tidd_Project1_Q3, returning: (tidd_project1_q3)
[debug]     Load.loadUnit: loadedProjectsRaw took 98.7225ms
[debug]     Load.loadUnit: cleanEvalClasses took 3.9129ms
[debug]   Load.loadUnit(file:/C:/Users/river/IdeaProjects/Tidd_Project1_Q3/, ...) took 559.2661ms
[debug] Load.apply: load took 560.6676ms
[debug] Load.apply: resolveProjects took 0.0775ms
[debug] Load.apply: finalTransforms took 16.3608ms
[debug] Load.apply: config.delegates took 0.3537ms
[debug] Load.apply: Def.make(settings)... took 73.1421ms
[debug] Load.apply: structureIndex took 48.5797ms
[debug] Load.apply: mkStreams took 0.0031ms
[info] set current project to Tidd_Project1_Q3 (in build file:/C:/Users/river/IdeaProjects/Tidd_Project1_Q3/)
[debug] > Exec(sbtPopOnFailure, None, None)
[debug] > Exec(resumeFromFailure, None, None)
[debug] > Exec(notifyUsersAboutShell, None, None)
[debug] > Exec(iflast shell, None, None)
[debug] > Exec(shell, None, None)
[info] sbt server started at local:sbt-server-8bcb66e605df51959860
