[debug] > Exec(;reload; set _root_.org.jetbrains.sbt.StructureKeys.sbtStructureOptions in Global := "download resolveClassifiers resolveSbtClassifiers" ;*/*:dumpStructureTo C:/Users/river/AppData/Local/Temp/sbt-structure.xml; session clear-all ; set ideaPort in Global := 61358, None, None)
[debug] > Exec(reload, None, None)
[debug] > Exec(sbtStashOnFailure, None, None)
[debug] > Exec(onFailure loadFailed, None, None)
[debug] > Exec(loadp, None, None)
[info] welcome to sbt 1.4.2 (Eclipse OpenJ9 Java 1.8.0_265)
[debug]       Load.loadUnit: plugins took 42.7782ms
[debug]       Load.loadUnit: defsScala took 0.0034ms
[debug] [Loading] Scanning directory C:\Users\river\.sbt\1.0\plugins
[debug] [Loading] Found non-root projects 
[debug] [Loading] Done in C:\Users\river\.sbt\1.0\plugins, returning: ()
[debug] deducing auto plugins based on known facts Set(Atom(sbt.plugins.CorePlugin)) and clauses Clauses(List(Clause(Atom(sbt.plugins.JvmPlugin),Set(Atom(sbt.plugins.IvyPlugin))), Clause(Atom(sbt.ScriptedPlugin),Set(Atom(sbt.plugins.JvmPlugin))), Clause(Atom(sbt.plugins.SbtPlugin),Set(Atom(sbt.ScriptedPlugin))), Clause(Atom(sbt.plugins.SemanticdbPlugin),Set(Atom(sbt.plugins.JvmPlugin))), Clause(Atom(sbt.plugins.JUnitXmlReportPlugin),Set(Atom(sbt.plugins.JvmPlugin))), Clause(Atom(sbt.plugins.MiniDependencyTreePlugin),Set(Atom(sbt.plugins.JvmPlugin))), Clause(Atom(sbt.plugins.CorePlugin),Set(Atom(sbt.plugins.IvyPlugin))), Clause(Atom(sbt.plugins.IvyPlugin),Set(Atom(sbt.plugins.JvmPlugin))), Clause(Atom(sbt.plugins.JvmPlugin),Set(Atom(sbt.plugins.SemanticdbPlugin))), Clause(Atom(sbt.plugins.JvmPlugin),Set(Atom(sbt.plugins.JUnitXmlReportPlugin))), Clause(Atom(sbt.plugins.CorePlugin),Set(Atom(sbt.plugins.Giter8TemplatePlugin))), Clause(Atom(sbt.plugins.JvmPlugin),Set(Atom(sbt.plugins.MiniDependencyTreePlugin)))))
[debug]   :: deduced result: Matched(sbt.plugins.CorePlugin,sbt.plugins.Giter8TemplatePlugin,sbt.plugins.IvyPlugin,sbt.plugins.JvmPlugin,sbt.plugins.MiniDependencyTreePlugin,sbt.plugins.JUnitXmlReportPlugin,sbt.plugins.SemanticdbPlugin)
[debug] Plugins.deducer#function took 1.5577 ms
[debug]           Load.resolveProject(global-plugins) took 2.7752ms
[debug]         Load.loadTransitive: finalizeProject(Project(id global-plugins, base: C:\Users\river\.sbt\1.0\plugins, plugins: List(<none>))) took 4.8602ms
[debug] [Loading] Done in C:\Users\river\.sbt\1.0\plugins, returning: (global-plugins)
[debug]       Load.loadUnit: loadedProjectsRaw took 5.901ms
[debug]       Load.loadUnit: cleanEvalClasses took 0.0112ms
[debug]     Load.loadUnit(file:/C:/Users/river/.sbt/1.0/plugins/, ...) took 49.6955ms
[debug]   Load.apply: load took 51.1673ms
[debug]   Load.apply: resolveProjects took 0.0849ms
[debug]   Load.apply: finalTransforms took 11.0721ms
[debug]   Load.apply: config.delegates took 0.4076ms
[debug]   Load.apply: Def.make(settings)... took 70.2558ms
[debug]   Load.apply: structureIndex took 27.6853ms
[debug]   Load.apply: mkStreams took 0.003ms
[info] loading global plugins from C:\Users\river\.sbt\1.0\plugins
[debug] Running task... Cancel: Signal, check cycles: false, forcegc: true
[debug] Load.defaultLoad until apply took 417.3092ms
[debug]           Load.loadUnit: plugins took 150.3662ms
[debug]           Load.loadUnit: defsScala took 0.0036ms
[debug] [Loading] Scanning directory C:\Users\river\IdeaProjects\Tidd_Project1_Q3\project
[debug]             Load.loadUnit: mkEval took 0.3125ms
[debug] [Loading] Found non-root projects 
[debug] [Loading] Done in C:\Users\river\IdeaProjects\Tidd_Project1_Q3\project, returning: ()
[debug] deducing auto plugins based on known facts Set(Atom(sbt.plugins.CorePlugin)) and clauses Clauses(List(Clause(Atom(sbt.plugins.JvmPlugin),Set(Atom(sbt.plugins.IvyPlugin))), Clause(Atom(sbt.ScriptedPlugin),Set(Atom(sbt.plugins.JvmPlugin))), Clause(Atom(sbt.plugins.SbtPlugin),Set(Atom(sbt.ScriptedPlugin))), Clause(Atom(sbt.plugins.SemanticdbPlugin),Set(Atom(sbt.plugins.JvmPlugin))), Clause(Atom(sbt.plugins.JUnitXmlReportPlugin),Set(Atom(sbt.plugins.JvmPlugin))), Clause(Atom(sbt.plugins.MiniDependencyTreePlugin),Set(Atom(sbt.plugins.JvmPlugin))), Clause(Atom(sbt.plugins.CorePlugin),Set(Atom(sbt.plugins.IvyPlugin))), Clause(Atom(sbt.plugins.IvyPlugin),Set(Atom(sbt.plugins.JvmPlugin))), Clause(Atom(sbt.plugins.JvmPlugin),Set(Atom(sbt.plugins.SemanticdbPlugin))), Clause(Atom(sbt.plugins.JvmPlugin),Set(Atom(sbt.plugins.JUnitXmlReportPlugin))), Clause(Atom(sbt.plugins.CorePlugin),Set(Atom(sbt.plugins.Giter8TemplatePlugin))), Clause(Atom(sbt.plugins.JvmPlugin),Set(Atom(sbt.plugins.MiniDependencyTreePlugin)))))
[debug]   :: deduced result: Matched(sbt.plugins.CorePlugin,sbt.plugins.Giter8TemplatePlugin,sbt.plugins.IvyPlugin,sbt.plugins.JvmPlugin,sbt.plugins.MiniDependencyTreePlugin,sbt.plugins.JUnitXmlReportPlugin,sbt.plugins.SemanticdbPlugin)
[debug] Plugins.deducer#function took 1.9462 ms
[info] loading settings for project tidd_project1_q3-build from plugins.sbt,idea7.sbt ...
[debug]               Load.resolveProject(tidd_project1_q3-build) took 1.946ms
[debug]             Load.loadTransitive: finalizeProject(Project(id tidd_project1_q3-build, base: C:\Users\river\IdeaProjects\Tidd_Project1_Q3\project, plugins: List(<none>))) took 4.4584ms
[debug] [Loading] Done in C:\Users\river\IdeaProjects\Tidd_Project1_Q3\project, returning: (tidd_project1_q3-build)
[debug]           Load.loadUnit: loadedProjectsRaw took 41.8737ms
[debug]           Load.loadUnit: cleanEvalClasses took 1.9154ms
[debug]         Load.loadUnit(file:/C:/Users/river/IdeaProjects/Tidd_Project1_Q3/project/, ...) took 195.1267ms
[debug]       Load.apply: load took 196.6194ms
[debug]       Load.apply: resolveProjects took 0.1014ms
[debug]       Load.apply: finalTransforms took 5.5068ms
[debug]       Load.apply: config.delegates took 0.364ms
[debug]       Load.apply: Def.make(settings)... took 52.0117ms
[debug]       Load.apply: structureIndex took 20.1888ms
[debug]       Load.apply: mkStreams took 0.0029ms
[info] loading project definition from C:\Users\river\IdeaProjects\Tidd_Project1_Q3\project
[debug] Running task... Cancel: Signal, check cycles: false, forcegc: true
[debug]     Load.loadUnit: plugins took 552.1031ms
[debug]     Load.loadUnit: defsScala took 0.0052ms
[debug] [Loading] Scanning directory C:\Users\river\IdeaProjects\Tidd_Project1_Q3
[debug]       Load.loadUnit: mkEval took 0.2732ms
[debug] [Loading] Found non-root projects 
[debug] [Loading] Done in C:\Users\river\IdeaProjects\Tidd_Project1_Q3, returning: ()
[debug] deducing auto plugins based on known facts Set(Atom(sbt.plugins.CorePlugin)) and clauses Clauses(List(Clause(Atom(sbt.plugins.JvmPlugin),Set(Atom(sbt.plugins.IvyPlugin))), Clause(Atom(sbt.ScriptedPlugin),Set(Atom(sbt.plugins.JvmPlugin))), Clause(Atom(sbt.plugins.SbtPlugin),Set(Atom(sbt.ScriptedPlugin))), Clause(Atom(sbt.plugins.SemanticdbPlugin),Set(Atom(sbt.plugins.JvmPlugin))), Clause(Atom(sbt.plugins.JUnitXmlReportPlugin),Set(Atom(sbt.plugins.JvmPlugin))), Clause(Atom(sbt.plugins.MiniDependencyTreePlugin),Set(Atom(sbt.plugins.JvmPlugin))), Clause(Atom(sbtassembly.AssemblyPlugin),Set(Atom(sbt.plugins.JvmPlugin))), Clause(Atom(org.jetbrains.sbt.StructurePlugin),Set(Atom(sbt.plugins.JvmPlugin))), Clause(Atom(org.jetbrains.sbt.IdeaShellPlugin),Set(Atom(sbt.plugins.JvmPlugin))), Clause(Atom(org.jetbrains.sbt.indices.SbtIntellijIndicesPlugin),Set(Atom(sbt.plugins.JvmPlugin))), Clause(Atom(sbt.plugins.CorePlugin),Set(Atom(sbt.plugins.IvyPlugin))), Clause(Atom(sbt.plugins.IvyPlugin),Set(Atom(sbt.plugins.JvmPlugin))), Clause(Atom(sbt.plugins.JvmPlugin),Set(Atom(sbt.plugins.SemanticdbPlugin))), Clause(Atom(sbt.plugins.JvmPlugin),Set(Atom(sbt.plugins.JUnitXmlReportPlugin))), Clause(Atom(sbt.plugins.CorePlugin),Set(Atom(sbt.plugins.Giter8TemplatePlugin))), Clause(Atom(sbt.plugins.JvmPlugin),Set(Atom(sbt.plugins.MiniDependencyTreePlugin))), Clause(Atom(sbt.plugins.JvmPlugin),Set(Atom(sbtassembly.AssemblyPlugin))), Clause(Atom(sbt.plugins.JvmPlugin),Set(Atom(org.jetbrains.sbt.StructurePlugin))), Clause(Atom(sbt.plugins.JvmPlugin),Set(Atom(org.jetbrains.sbt.IdeaShellPlugin))), Clause(And(Set(Atom(sbt.plugins.CorePlugin), Atom(sbt.plugins.JvmPlugin))),Set(Atom(org.jetbrains.sbt.indices.SbtIntellijIndicesPlugin)))))
[debug]   :: deduced result: Matched(sbt.plugins.CorePlugin,sbt.plugins.Giter8TemplatePlugin,sbt.plugins.IvyPlugin,sbt.plugins.JvmPlugin,sbt.plugins.SemanticdbPlugin,org.jetbrains.sbt.indices.SbtIntellijIndicesPlugin,sbt.plugins.JUnitXmlReportPlugin,sbtassembly.AssemblyPlugin,org.jetbrains.sbt.IdeaShellPlugin,org.jetbrains.sbt.StructurePlugin,sbt.plugins.MiniDependencyTreePlugin)
[debug] Plugins.deducer#function took 2.4991 ms
[info] loading settings for project tidd_project1_q3 from build.sbt ...
[debug]         Load.resolveProject(tidd_project1_q3) took 69.8008ms
[debug]       Load.loadTransitive: finalizeProject(Project(id tidd_project1_q3, base: C:\Users\river\IdeaProjects\Tidd_Project1_Q3, plugins: List(<none>))) took 73.2752ms
[debug] [Loading] Done in C:\Users\river\IdeaProjects\Tidd_Project1_Q3, returning: (tidd_project1_q3)
[debug]     Load.loadUnit: loadedProjectsRaw took 1275.6182ms
[debug]     Load.loadUnit: cleanEvalClasses took 6.9817ms
[debug]   Load.loadUnit(file:/C:/Users/river/IdeaProjects/Tidd_Project1_Q3/, ...) took 1835.2733ms
[debug] Load.apply: load took 1836.9461ms
[debug] Load.apply: resolveProjects took 0.1272ms
[debug] Load.apply: finalTransforms took 14.8505ms
[debug] Load.apply: config.delegates took 0.4284ms
[debug] Load.apply: Def.make(settings)... took 64.3427ms
[debug] Load.apply: structureIndex took 14.3988ms
[debug] Load.apply: mkStreams took 0.0052ms
[warn] Discarding 1 session setting.  Use 'session save' to persist session settings.
[info] set current project to Tidd_Project1_Q3 (in build file:/C:/Users/river/IdeaProjects/Tidd_Project1_Q3/)
[debug] > Exec(sbtPopOnFailure, None, None)
[debug] > Exec(resumeFromFailure, None, None)
[debug] > Exec(set _root_.org.jetbrains.sbt.StructureKeys.sbtStructureOptions in Global := "download resolveClassifiers resolveSbtClassifiers", None, None)
[info] Defining Global / sbtStructureOptions
[info] The new value will be used by Global / ssOptions
[debug] Defining 
[debug] 	Global / sbtStructureOptions
[debug] 
[debug] The new value will be used by 
[debug] 	Global / ssOptions
[info] Reapplying settings...
[info] set current project to Tidd_Project1_Q3 (in build file:/C:/Users/river/IdeaProjects/Tidd_Project1_Q3/)
[debug] > Exec(*/*:dumpStructureTo C:/Users/river/AppData/Local/Temp/sbt-structure.xml, None, None)
[debug] Evaluating tasks: Global / dumpStructureTo
[debug] Running task... Cancel: Signal, check cycles: false, forcegc: true
[warn] There may be incompatibilities among your library dependencies; run 'evicted' to see detailed eviction warnings.
[warn] There may be incompatibilities among your library dependencies; run 'evicted' to see detailed eviction warnings.
[info] Writing structure to C:\Users\river\AppData\Local\Temp\sbt-structure.xml...
[info] Done.
[success] Total time: 2 s, completed Nov 3, 2020 5:10:35 PM
[debug] > Exec(session clear-all, None, None)
[info] Reapplying settings...
[info] set current project to Tidd_Project1_Q3 (in build file:/C:/Users/river/IdeaProjects/Tidd_Project1_Q3/)
[debug] > Exec(set ideaPort in Global := 61358, None, None)
[info] Defining Global / ideaPort
[info] The new value will be used by Compile / compile, Test / compile
[debug] Defining 
[debug] 	Global / ideaPort
[debug] 
[debug] The new value will be used by 
[debug] 	Compile / compile
[debug] 	Test / compile
[info] Reapplying settings...
[info] set current project to Tidd_Project1_Q3 (in build file:/C:/Users/river/IdeaProjects/Tidd_Project1_Q3/)
[debug] > Exec(idea-shell, None, None)
[debug] > Exec(, None, None)
[debug] > Exec(idea-shell, None, None)
